0 info it worked if it ends with ok
1 verbose cli [ '/usr/bin/node', '/usr/bin/npm', 'install' ]
2 info using npm@3.5.2
3 info using node@v8.10.0
4 silly loadCurrentTree Starting
5 silly install loadCurrentTree
6 silly install readLocalPackageData
7 silly install normalizeTree
8 silly loadCurrentTree Finishing
9 silly loadIdealTree Starting
10 silly install loadIdealTree
11 silly cloneCurrentTree Starting
12 silly install cloneCurrentTreeToIdealTree
13 silly cloneCurrentTree Finishing
14 silly loadShrinkwrap Starting
15 silly install loadShrinkwrap
16 silly loadShrinkwrap Finishing
17 silly loadAllDepsIntoIdealTree Starting
18 silly install loadAllDepsIntoIdealTree
19 silly fetchNamedPackageData fsevents
20 silly mapToRegistry name fsevents
21 silly mapToRegistry using default registry
22 silly mapToRegistry registry https://registry.npmjs.org/
23 silly mapToRegistry uri https://registry.npmjs.org/fsevents
24 verbose request uri https://registry.npmjs.org/fsevents
25 verbose request no auth needed
26 info attempt registry request try #1 at 6:58:13 PM
27 verbose request id 554a3b76fdeb7133
28 verbose etag "5afaf37f-11155"
29 verbose lastModified Tue, 15 May 2018 14:49:35 GMT
30 http request GET https://registry.npmjs.org/fsevents
31 http 304 https://registry.npmjs.org/fsevents
32 verbose headers { date: 'Fri, 18 May 2018 18:58:13 GMT',
32 verbose headers   via: '1.1 varnish',
32 verbose headers   'cache-control': 'max-age=300',
32 verbose headers   etag: '"5afaf37f-11155"',
32 verbose headers   age: '436',
32 verbose headers   connection: 'keep-alive',
32 verbose headers   'x-served-by': 'cache-iad2150-IAD',
32 verbose headers   'x-cache': 'HIT',
32 verbose headers   'x-cache-hits': '16',
32 verbose headers   'x-timer': 'S1526669893.313813,VS0,VE0',
32 verbose headers   vary: 'Accept-Encoding, Accept' }
33 silly get cb [ 304,
33 silly get   { date: 'Fri, 18 May 2018 18:58:13 GMT',
33 silly get     via: '1.1 varnish',
33 silly get     'cache-control': 'max-age=300',
33 silly get     etag: '"5afaf37f-11155"',
33 silly get     age: '436',
33 silly get     connection: 'keep-alive',
33 silly get     'x-served-by': 'cache-iad2150-IAD',
33 silly get     'x-cache': 'HIT',
33 silly get     'x-cache-hits': '16',
33 silly get     'x-timer': 'S1526669893.313813,VS0,VE0',
33 silly get     vary: 'Accept-Encoding, Accept' } ]
34 verbose etag https://registry.npmjs.org/fsevents from cache
35 verbose get saving fsevents to /home/kdeubuntudev/.npm/registry.npmjs.org/fsevents/.cache.json
36 silly resolveWithNewModule fsevents@1.2.4 checking installable status
37 silly loadAllDepsIntoIdealTree Finishing
38 silly idealTree:prePrune face_detectionreactapi@1.0.0
38 silly idealTree:prePrune ├── abbrev@1.1.1
38 silly idealTree:prePrune ├── accepts@1.3.5
38 silly idealTree:prePrune ├── ansi-align@2.0.0
38 silly idealTree:prePrune ├── ansi-regex@3.0.0
38 silly idealTree:prePrune ├── ansi-styles@3.2.1
38 silly idealTree:prePrune ├── anymatch@2.0.0
38 silly idealTree:prePrune ├── arr-diff@4.0.0
38 silly idealTree:prePrune ├── arr-flatten@1.1.0
38 silly idealTree:prePrune ├── arr-union@3.1.0
38 silly idealTree:prePrune ├── array-each@1.0.1
38 silly idealTree:prePrune ├── array-flatten@1.1.1
38 silly idealTree:prePrune ├── array-slice@1.1.0
38 silly idealTree:prePrune ├── array-unique@0.3.2
38 silly idealTree:prePrune ├── assign-symbols@1.0.0
38 silly idealTree:prePrune ├── async-each@1.0.1
38 silly idealTree:prePrune ├── atob@2.1.1
38 silly idealTree:prePrune ├── babel-runtime@6.26.0
38 silly idealTree:prePrune ├── balanced-match@1.0.0
38 silly idealTree:prePrune ├─┬ base@0.11.2
38 silly idealTree:prePrune │ ├── define-property@1.0.0
38 silly idealTree:prePrune │ ├── is-accessor-descriptor@1.0.0
38 silly idealTree:prePrune │ ├── is-data-descriptor@1.0.0
38 silly idealTree:prePrune │ └── is-descriptor@1.0.2
38 silly idealTree:prePrune ├── bcrypt-nodejs@0.0.3
38 silly idealTree:prePrune ├── binary-extensions@1.11.0
38 silly idealTree:prePrune ├── bluebird@3.5.1
38 silly idealTree:prePrune ├── body-parser@1.18.3
38 silly idealTree:prePrune ├── boxen@1.3.0
38 silly idealTree:prePrune ├── brace-expansion@1.1.11
38 silly idealTree:prePrune ├─┬ braces@2.3.2
38 silly idealTree:prePrune │ └── extend-shallow@2.0.1
38 silly idealTree:prePrune ├── buffer-writer@1.0.1
38 silly idealTree:prePrune ├── bytes@3.0.0
38 silly idealTree:prePrune ├── cache-base@1.0.1
38 silly idealTree:prePrune ├── camelcase@4.1.0
38 silly idealTree:prePrune ├── capture-stack-trace@1.0.0
38 silly idealTree:prePrune ├── chalk@2.4.1
38 silly idealTree:prePrune ├── chokidar@2.0.3
38 silly idealTree:prePrune ├── ci-info@1.1.3
38 silly idealTree:prePrune ├─┬ class-utils@0.3.6
38 silly idealTree:prePrune │ └── define-property@0.2.5
38 silly idealTree:prePrune ├── cli-boxes@1.0.0
38 silly idealTree:prePrune ├── collection-visit@1.0.0
38 silly idealTree:prePrune ├── color-convert@1.9.1
38 silly idealTree:prePrune ├── color-name@1.1.3
38 silly idealTree:prePrune ├── commander@2.15.1
38 silly idealTree:prePrune ├── component-emitter@1.2.1
38 silly idealTree:prePrune ├── concat-map@0.0.1
38 silly idealTree:prePrune ├── configstore@3.1.2
38 silly idealTree:prePrune ├── content-disposition@0.5.2
38 silly idealTree:prePrune ├── content-type@1.0.4
38 silly idealTree:prePrune ├── cookie-signature@1.0.6
38 silly idealTree:prePrune ├── cookie@0.3.1
38 silly idealTree:prePrune ├── copy-descriptor@0.1.1
38 silly idealTree:prePrune ├── core-js@2.5.6
38 silly idealTree:prePrune ├── core-util-is@1.0.2
38 silly idealTree:prePrune ├── cors@2.8.4
38 silly idealTree:prePrune ├── create-error-class@3.0.2
38 silly idealTree:prePrune ├── cross-spawn@5.1.0
38 silly idealTree:prePrune ├── crypto-random-string@1.0.0
38 silly idealTree:prePrune ├── debug@2.6.9
38 silly idealTree:prePrune ├── decode-uri-component@0.2.0
38 silly idealTree:prePrune ├── deep-extend@0.5.1
38 silly idealTree:prePrune ├─┬ define-property@2.0.2
38 silly idealTree:prePrune │ ├── is-accessor-descriptor@1.0.0
38 silly idealTree:prePrune │ ├── is-data-descriptor@1.0.0
38 silly idealTree:prePrune │ └── is-descriptor@1.0.2
38 silly idealTree:prePrune ├── depd@1.1.2
38 silly idealTree:prePrune ├── destroy@1.0.4
38 silly idealTree:prePrune ├── detect-file@1.0.0
38 silly idealTree:prePrune ├── dot-prop@4.2.0
38 silly idealTree:prePrune ├── duplexer@0.1.1
38 silly idealTree:prePrune ├── duplexer3@0.1.4
38 silly idealTree:prePrune ├── ee-first@1.1.1
38 silly idealTree:prePrune ├── encodeurl@1.0.2
38 silly idealTree:prePrune ├── escape-html@1.0.3
38 silly idealTree:prePrune ├── escape-string-regexp@1.0.5
38 silly idealTree:prePrune ├── etag@1.8.1
38 silly idealTree:prePrune ├── event-stream@3.3.4
38 silly idealTree:prePrune ├── execa@0.7.0
38 silly idealTree:prePrune ├─┬ expand-brackets@2.1.4
38 silly idealTree:prePrune │ ├── define-property@0.2.5
38 silly idealTree:prePrune │ └── extend-shallow@2.0.1
38 silly idealTree:prePrune ├── expand-tilde@2.0.2
38 silly idealTree:prePrune ├─┬ express@4.16.3
38 silly idealTree:prePrune │ ├── body-parser@1.18.2
38 silly idealTree:prePrune │ ├── iconv-lite@0.4.19
38 silly idealTree:prePrune │ ├── qs@6.5.1
38 silly idealTree:prePrune │ ├─┬ raw-body@2.3.2
38 silly idealTree:prePrune │ │ ├── depd@1.1.1
38 silly idealTree:prePrune │ │ ├── http-errors@1.6.2
38 silly idealTree:prePrune │ │ └── setprototypeof@1.0.3
38 silly idealTree:prePrune │ └── statuses@1.4.0
38 silly idealTree:prePrune ├─┬ extend-shallow@3.0.2
38 silly idealTree:prePrune │ └── is-extendable@1.0.1
38 silly idealTree:prePrune ├── extend@3.0.1
38 silly idealTree:prePrune ├─┬ extglob@2.0.4
38 silly idealTree:prePrune │ ├── define-property@1.0.0
38 silly idealTree:prePrune │ ├── extend-shallow@2.0.1
38 silly idealTree:prePrune │ ├── is-accessor-descriptor@1.0.0
38 silly idealTree:prePrune │ ├── is-data-descriptor@1.0.0
38 silly idealTree:prePrune │ └── is-descriptor@1.0.2
38 silly idealTree:prePrune ├─┬ fill-range@4.0.0
38 silly idealTree:prePrune │ └── extend-shallow@2.0.1
38 silly idealTree:prePrune ├─┬ finalhandler@1.1.1
38 silly idealTree:prePrune │ └── statuses@1.4.0
38 silly idealTree:prePrune ├─┬ findup-sync@2.0.0
38 silly idealTree:prePrune │ └── is-glob@3.1.0
38 silly idealTree:prePrune ├── fined@1.1.0
38 silly idealTree:prePrune ├── flagged-respawn@1.0.0
38 silly idealTree:prePrune ├── for-in@1.0.2
38 silly idealTree:prePrune ├── for-own@1.0.0
38 silly idealTree:prePrune ├── forwarded@0.1.2
38 silly idealTree:prePrune ├── fragment-cache@0.2.1
38 silly idealTree:prePrune ├── fresh@0.5.2
38 silly idealTree:prePrune ├── from@0.1.7
38 silly idealTree:prePrune ├── get-stream@3.0.0
38 silly idealTree:prePrune ├── get-value@2.0.6
38 silly idealTree:prePrune ├─┬ glob-parent@3.1.0
38 silly idealTree:prePrune │ └── is-glob@3.1.0
38 silly idealTree:prePrune ├── global-dirs@0.1.1
38 silly idealTree:prePrune ├── global-modules@1.0.0
38 silly idealTree:prePrune ├── global-prefix@1.0.2
38 silly idealTree:prePrune ├── got@6.7.1
38 silly idealTree:prePrune ├── graceful-fs@4.1.11
38 silly idealTree:prePrune ├── has-flag@3.0.0
38 silly idealTree:prePrune ├── has-value@1.0.0
38 silly idealTree:prePrune ├─┬ has-values@1.0.0
38 silly idealTree:prePrune │ └── kind-of@4.0.0
38 silly idealTree:prePrune ├── homedir-polyfill@1.0.1
38 silly idealTree:prePrune ├── http-errors@1.6.3
38 silly idealTree:prePrune ├── iconv-lite@0.4.23
38 silly idealTree:prePrune ├── ignore-by-default@1.0.1
38 silly idealTree:prePrune ├── import-lazy@2.1.0
38 silly idealTree:prePrune ├── imurmurhash@0.1.4
38 silly idealTree:prePrune ├── inherits@2.0.3
38 silly idealTree:prePrune ├── ini@1.3.5
38 silly idealTree:prePrune ├── interpret@1.1.0
38 silly idealTree:prePrune ├── ipaddr.js@1.6.0
38 silly idealTree:prePrune ├── is-absolute@1.0.0
38 silly idealTree:prePrune ├─┬ is-accessor-descriptor@0.1.6
38 silly idealTree:prePrune │ └── kind-of@3.2.2
38 silly idealTree:prePrune ├── is-binary-path@1.0.1
38 silly idealTree:prePrune ├── is-buffer@1.1.6
38 silly idealTree:prePrune ├── is-ci@1.1.0
38 silly idealTree:prePrune ├─┬ is-data-descriptor@0.1.4
38 silly idealTree:prePrune │ └── kind-of@3.2.2
38 silly idealTree:prePrune ├─┬ is-descriptor@0.1.6
38 silly idealTree:prePrune │ └── kind-of@5.1.0
38 silly idealTree:prePrune ├── is-extendable@0.1.1
38 silly idealTree:prePrune ├── is-extglob@2.1.1
38 silly idealTree:prePrune ├── is-fullwidth-code-point@2.0.0
38 silly idealTree:prePrune ├── is-glob@4.0.0
38 silly idealTree:prePrune ├── is-installed-globally@0.1.0
38 silly idealTree:prePrune ├── is-npm@1.0.0
38 silly idealTree:prePrune ├─┬ is-number@3.0.0
38 silly idealTree:prePrune │ └── kind-of@3.2.2
38 silly idealTree:prePrune ├── is-obj@1.0.1
38 silly idealTree:prePrune ├─┬ is-odd@2.0.0
38 silly idealTree:prePrune │ └── is-number@4.0.0
38 silly idealTree:prePrune ├── is-path-inside@1.0.1
38 silly idealTree:prePrune ├── is-plain-object@2.0.4
38 silly idealTree:prePrune ├── is-redirect@1.0.0
38 silly idealTree:prePrune ├── is-relative@1.0.0
38 silly idealTree:prePrune ├── is-retry-allowed@1.1.0
38 silly idealTree:prePrune ├── is-stream@1.1.0
38 silly idealTree:prePrune ├── is-unc-path@1.0.0
38 silly idealTree:prePrune ├── is-windows@1.0.2
38 silly idealTree:prePrune ├── isarray@1.0.0
38 silly idealTree:prePrune ├── isexe@2.0.0
38 silly idealTree:prePrune ├── isobject@3.0.1
38 silly idealTree:prePrune ├── kind-of@6.0.2
38 silly idealTree:prePrune ├─┬ knex@0.14.6
38 silly idealTree:prePrune │ ├── chalk@2.3.2
38 silly idealTree:prePrune │ ├── debug@3.1.0
38 silly idealTree:prePrune │ └── pg-connection-string@2.0.0
38 silly idealTree:prePrune ├── latest-version@3.1.0
38 silly idealTree:prePrune ├── liftoff@2.5.0
38 silly idealTree:prePrune ├── lodash@4.17.10
38 silly idealTree:prePrune ├── lowercase-keys@1.0.1
38 silly idealTree:prePrune ├── lru-cache@4.1.3
38 silly idealTree:prePrune ├── make-dir@1.3.0
38 silly idealTree:prePrune ├── make-iterator@1.0.1
38 silly idealTree:prePrune ├── map-cache@0.2.2
38 silly idealTree:prePrune ├── map-stream@0.1.0
38 silly idealTree:prePrune ├── map-visit@1.0.0
38 silly idealTree:prePrune ├── media-typer@0.3.0
38 silly idealTree:prePrune ├── merge-descriptors@1.0.1
38 silly idealTree:prePrune ├── methods@1.1.2
38 silly idealTree:prePrune ├── micromatch@3.1.10
38 silly idealTree:prePrune ├── mime-db@1.33.0
38 silly idealTree:prePrune ├── mime-types@2.1.18
38 silly idealTree:prePrune ├── mime@1.4.1
38 silly idealTree:prePrune ├── minimatch@3.0.4
38 silly idealTree:prePrune ├── minimist@1.2.0
38 silly idealTree:prePrune ├─┬ mixin-deep@1.3.1
38 silly idealTree:prePrune │ └── is-extendable@1.0.1
38 silly idealTree:prePrune ├─┬ mkdirp@0.5.1
38 silly idealTree:prePrune │ └── minimist@0.0.8
38 silly idealTree:prePrune ├── ms@2.0.0
38 silly idealTree:prePrune ├── nanomatch@1.2.9
38 silly idealTree:prePrune ├── negotiator@0.6.1
38 silly idealTree:prePrune ├─┬ nodemon@1.17.4
38 silly idealTree:prePrune │ └── debug@3.1.0
38 silly idealTree:prePrune ├── nopt@1.0.10
38 silly idealTree:prePrune ├── normalize-path@2.1.1
38 silly idealTree:prePrune ├── npm-run-path@2.0.2
38 silly idealTree:prePrune ├── object-assign@4.1.1
38 silly idealTree:prePrune ├─┬ object-copy@0.1.0
38 silly idealTree:prePrune │ ├── define-property@0.2.5
38 silly idealTree:prePrune │ └── kind-of@3.2.2
38 silly idealTree:prePrune ├── object-visit@1.0.1
38 silly idealTree:prePrune ├── object.defaults@1.1.0
38 silly idealTree:prePrune ├── object.map@1.0.1
38 silly idealTree:prePrune ├── object.pick@1.3.0
38 silly idealTree:prePrune ├── on-finished@2.3.0
38 silly idealTree:prePrune ├── os-homedir@1.0.2
38 silly idealTree:prePrune ├── p-finally@1.0.0
38 silly idealTree:prePrune ├── package-json@4.0.1
38 silly idealTree:prePrune ├── packet-reader@0.3.1
38 silly idealTree:prePrune ├── parse-filepath@1.0.2
38 silly idealTree:prePrune ├── parse-passwd@1.0.0
38 silly idealTree:prePrune ├── parseurl@1.3.2
38 silly idealTree:prePrune ├── pascalcase@0.1.1
38 silly idealTree:prePrune ├── path-dirname@1.0.2
38 silly idealTree:prePrune ├── path-is-absolute@1.0.1
38 silly idealTree:prePrune ├── path-is-inside@1.0.2
38 silly idealTree:prePrune ├── path-key@2.0.1
38 silly idealTree:prePrune ├── path-parse@1.0.5
38 silly idealTree:prePrune ├── path-root-regex@0.1.2
38 silly idealTree:prePrune ├── path-root@0.1.1
38 silly idealTree:prePrune ├── path-to-regexp@0.1.7
38 silly idealTree:prePrune ├── pause-stream@0.0.11
38 silly idealTree:prePrune ├── pg-connection-string@0.1.3
38 silly idealTree:prePrune ├── pg-pool@2.0.3
38 silly idealTree:prePrune ├── pg-types@1.12.1
38 silly idealTree:prePrune ├─┬ pg@7.4.3
38 silly idealTree:prePrune │ └── semver@4.3.2
38 silly idealTree:prePrune ├─┬ pgpass@1.0.2
38 silly idealTree:prePrune │ └── split@1.0.1
38 silly idealTree:prePrune ├── pify@3.0.0
38 silly idealTree:prePrune ├── posix-character-classes@0.1.1
38 silly idealTree:prePrune ├── postgres-array@1.0.2
38 silly idealTree:prePrune ├── postgres-bytea@1.0.0
38 silly idealTree:prePrune ├── postgres-date@1.0.3
38 silly idealTree:prePrune ├── postgres-interval@1.1.1
38 silly idealTree:prePrune ├── prepend-http@1.0.4
38 silly idealTree:prePrune ├── process-nextick-args@2.0.0
38 silly idealTree:prePrune ├── proxy-addr@2.0.3
38 silly idealTree:prePrune ├── ps-tree@1.1.0
38 silly idealTree:prePrune ├── pseudomap@1.0.2
38 silly idealTree:prePrune ├── pstree.remy@1.1.0
38 silly idealTree:prePrune ├── qs@6.5.2
38 silly idealTree:prePrune ├── range-parser@1.2.0
38 silly idealTree:prePrune ├── raw-body@2.3.3
38 silly idealTree:prePrune ├── rc@1.2.7
38 silly idealTree:prePrune ├── readable-stream@2.3.6
38 silly idealTree:prePrune ├── readdirp@2.1.0
38 silly idealTree:prePrune ├── rechoir@0.6.2
38 silly idealTree:prePrune ├── regenerator-runtime@0.11.1
38 silly idealTree:prePrune ├── regex-not@1.0.2
38 silly idealTree:prePrune ├── registry-auth-token@3.3.2
38 silly idealTree:prePrune ├── registry-url@3.1.0
38 silly idealTree:prePrune ├── remove-trailing-separator@1.1.0
38 silly idealTree:prePrune ├── repeat-element@1.1.2
38 silly idealTree:prePrune ├── repeat-string@1.6.1
38 silly idealTree:prePrune ├── resolve-dir@1.0.1
38 silly idealTree:prePrune ├── resolve-url@0.2.1
38 silly idealTree:prePrune ├── resolve@1.7.1
38 silly idealTree:prePrune ├── ret@0.1.15
38 silly idealTree:prePrune ├── safe-buffer@5.1.1
38 silly idealTree:prePrune ├── safe-regex@1.1.0
38 silly idealTree:prePrune ├── safer-buffer@2.1.2
38 silly idealTree:prePrune ├── semver-diff@2.1.0
38 silly idealTree:prePrune ├── semver@5.5.0
38 silly idealTree:prePrune ├─┬ send@0.16.2
38 silly idealTree:prePrune │ └── statuses@1.4.0
38 silly idealTree:prePrune ├── serve-static@1.13.2
38 silly idealTree:prePrune ├── set-immediate-shim@1.0.1
38 silly idealTree:prePrune ├─┬ set-value@2.0.0
38 silly idealTree:prePrune │ └── extend-shallow@2.0.1
38 silly idealTree:prePrune ├── setprototypeof@1.1.0
38 silly idealTree:prePrune ├── shebang-command@1.2.0
38 silly idealTree:prePrune ├── shebang-regex@1.0.0
38 silly idealTree:prePrune ├── signal-exit@3.0.2
38 silly idealTree:prePrune ├─┬ snapdragon-node@2.1.1
38 silly idealTree:prePrune │ ├── define-property@1.0.0
38 silly idealTree:prePrune │ ├── is-accessor-descriptor@1.0.0
38 silly idealTree:prePrune │ ├── is-data-descriptor@1.0.0
38 silly idealTree:prePrune │ └── is-descriptor@1.0.2
38 silly idealTree:prePrune ├─┬ snapdragon-util@3.0.1
38 silly idealTree:prePrune │ └── kind-of@3.2.2
38 silly idealTree:prePrune ├─┬ snapdragon@0.8.2
38 silly idealTree:prePrune │ ├── define-property@0.2.5
38 silly idealTree:prePrune │ └── extend-shallow@2.0.1
38 silly idealTree:prePrune ├── source-map-resolve@0.5.2
38 silly idealTree:prePrune ├── source-map-url@0.4.0
38 silly idealTree:prePrune ├── source-map@0.5.7
38 silly idealTree:prePrune ├── split-string@3.1.0
38 silly idealTree:prePrune ├── split@0.3.3
38 silly idealTree:prePrune ├─┬ static-extend@0.1.2
38 silly idealTree:prePrune │ └── define-property@0.2.5
38 silly idealTree:prePrune ├── statuses@1.5.0
38 silly idealTree:prePrune ├── stream-combiner@0.0.4
38 silly idealTree:prePrune ├── string_decoder@1.1.1
38 silly idealTree:prePrune ├── string-width@2.1.1
38 silly idealTree:prePrune ├── strip-ansi@4.0.0
38 silly idealTree:prePrune ├── strip-eof@1.0.0
38 silly idealTree:prePrune ├── strip-json-comments@2.0.1
38 silly idealTree:prePrune ├── supports-color@5.4.0
38 silly idealTree:prePrune ├── tarn@1.1.4
38 silly idealTree:prePrune ├── term-size@1.2.0
38 silly idealTree:prePrune ├── through@2.3.8
38 silly idealTree:prePrune ├── tildify@1.2.0
38 silly idealTree:prePrune ├── timed-out@4.0.1
38 silly idealTree:prePrune ├─┬ to-object-path@0.3.0
38 silly idealTree:prePrune │ └── kind-of@3.2.2
38 silly idealTree:prePrune ├── to-regex-range@2.1.1
38 silly idealTree:prePrune ├── to-regex@3.0.2
38 silly idealTree:prePrune ├── touch@3.1.0
38 silly idealTree:prePrune ├── type-is@1.6.16
38 silly idealTree:prePrune ├── unc-path-regex@0.1.2
38 silly idealTree:prePrune ├── undefsafe@2.0.2
38 silly idealTree:prePrune ├─┬ union-value@1.0.0
38 silly idealTree:prePrune │ ├── extend-shallow@2.0.1
38 silly idealTree:prePrune │ └── set-value@0.4.3
38 silly idealTree:prePrune ├── unique-string@1.0.0
38 silly idealTree:prePrune ├── unpipe@1.0.0
38 silly idealTree:prePrune ├─┬ unset-value@1.0.0
38 silly idealTree:prePrune │ ├─┬ has-value@0.3.1
38 silly idealTree:prePrune │ │ └── isobject@2.1.0
38 silly idealTree:prePrune │ └── has-values@0.1.4
38 silly idealTree:prePrune ├── unzip-response@2.0.1
38 silly idealTree:prePrune ├── upath@1.1.0
38 silly idealTree:prePrune ├── update-notifier@2.5.0
38 silly idealTree:prePrune ├── urix@0.1.0
38 silly idealTree:prePrune ├── url-parse-lax@1.0.0
38 silly idealTree:prePrune ├── use@3.1.0
38 silly idealTree:prePrune ├── util-deprecate@1.0.2
38 silly idealTree:prePrune ├── utils-merge@1.0.1
38 silly idealTree:prePrune ├── uuid@3.2.1
38 silly idealTree:prePrune ├── v8flags@3.1.0
38 silly idealTree:prePrune ├── vary@1.1.2
38 silly idealTree:prePrune ├── which@1.3.0
38 silly idealTree:prePrune ├── widest-line@2.0.0
38 silly idealTree:prePrune ├── write-file-atomic@2.3.0
38 silly idealTree:prePrune ├── xdg-basedir@3.0.0
38 silly idealTree:prePrune ├── xtend@4.0.1
38 silly idealTree:prePrune └── yallist@2.1.2
39 silly loadIdealTree Finishing
40 silly currentTree face_detectionreactapi@1.0.0
40 silly currentTree ├── abbrev@1.1.1
40 silly currentTree ├── accepts@1.3.5
40 silly currentTree ├── ansi-align@2.0.0
40 silly currentTree ├── ansi-regex@3.0.0
40 silly currentTree ├── ansi-styles@3.2.1
40 silly currentTree ├── anymatch@2.0.0
40 silly currentTree ├── arr-diff@4.0.0
40 silly currentTree ├── arr-flatten@1.1.0
40 silly currentTree ├── arr-union@3.1.0
40 silly currentTree ├── array-each@1.0.1
40 silly currentTree ├── array-flatten@1.1.1
40 silly currentTree ├── array-slice@1.1.0
40 silly currentTree ├── array-unique@0.3.2
40 silly currentTree ├── assign-symbols@1.0.0
40 silly currentTree ├── async-each@1.0.1
40 silly currentTree ├── atob@2.1.1
40 silly currentTree ├── babel-runtime@6.26.0
40 silly currentTree ├── balanced-match@1.0.0
40 silly currentTree ├─┬ base@0.11.2
40 silly currentTree │ ├── define-property@1.0.0
40 silly currentTree │ ├── is-accessor-descriptor@1.0.0
40 silly currentTree │ ├── is-data-descriptor@1.0.0
40 silly currentTree │ └── is-descriptor@1.0.2
40 silly currentTree ├── bcrypt-nodejs@0.0.3
40 silly currentTree ├── binary-extensions@1.11.0
40 silly currentTree ├── bluebird@3.5.1
40 silly currentTree ├── body-parser@1.18.3
40 silly currentTree ├── boxen@1.3.0
40 silly currentTree ├── brace-expansion@1.1.11
40 silly currentTree ├─┬ braces@2.3.2
40 silly currentTree │ └── extend-shallow@2.0.1
40 silly currentTree ├── buffer-writer@1.0.1
40 silly currentTree ├── bytes@3.0.0
40 silly currentTree ├── cache-base@1.0.1
40 silly currentTree ├── camelcase@4.1.0
40 silly currentTree ├── capture-stack-trace@1.0.0
40 silly currentTree ├── chalk@2.4.1
40 silly currentTree ├── chokidar@2.0.3
40 silly currentTree ├── ci-info@1.1.3
40 silly currentTree ├─┬ class-utils@0.3.6
40 silly currentTree │ └── define-property@0.2.5
40 silly currentTree ├── cli-boxes@1.0.0
40 silly currentTree ├── collection-visit@1.0.0
40 silly currentTree ├── color-convert@1.9.1
40 silly currentTree ├── color-name@1.1.3
40 silly currentTree ├── commander@2.15.1
40 silly currentTree ├── component-emitter@1.2.1
40 silly currentTree ├── concat-map@0.0.1
40 silly currentTree ├── configstore@3.1.2
40 silly currentTree ├── content-disposition@0.5.2
40 silly currentTree ├── content-type@1.0.4
40 silly currentTree ├── cookie-signature@1.0.6
40 silly currentTree ├── cookie@0.3.1
40 silly currentTree ├── copy-descriptor@0.1.1
40 silly currentTree ├── core-js@2.5.6
40 silly currentTree ├── core-util-is@1.0.2
40 silly currentTree ├── cors@2.8.4
40 silly currentTree ├── create-error-class@3.0.2
40 silly currentTree ├── cross-spawn@5.1.0
40 silly currentTree ├── crypto-random-string@1.0.0
40 silly currentTree ├── debug@2.6.9
40 silly currentTree ├── decode-uri-component@0.2.0
40 silly currentTree ├── deep-extend@0.5.1
40 silly currentTree ├─┬ define-property@2.0.2
40 silly currentTree │ ├── is-accessor-descriptor@1.0.0
40 silly currentTree │ ├── is-data-descriptor@1.0.0
40 silly currentTree │ └── is-descriptor@1.0.2
40 silly currentTree ├── depd@1.1.2
40 silly currentTree ├── destroy@1.0.4
40 silly currentTree ├── detect-file@1.0.0
40 silly currentTree ├── dot-prop@4.2.0
40 silly currentTree ├── duplexer@0.1.1
40 silly currentTree ├── duplexer3@0.1.4
40 silly currentTree ├── ee-first@1.1.1
40 silly currentTree ├── encodeurl@1.0.2
40 silly currentTree ├── escape-html@1.0.3
40 silly currentTree ├── escape-string-regexp@1.0.5
40 silly currentTree ├── etag@1.8.1
40 silly currentTree ├── event-stream@3.3.4
40 silly currentTree ├── execa@0.7.0
40 silly currentTree ├─┬ expand-brackets@2.1.4
40 silly currentTree │ ├── define-property@0.2.5
40 silly currentTree │ └── extend-shallow@2.0.1
40 silly currentTree ├── expand-tilde@2.0.2
40 silly currentTree ├─┬ express@4.16.3
40 silly currentTree │ ├── body-parser@1.18.2
40 silly currentTree │ ├── iconv-lite@0.4.19
40 silly currentTree │ ├── qs@6.5.1
40 silly currentTree │ ├─┬ raw-body@2.3.2
40 silly currentTree │ │ ├── depd@1.1.1
40 silly currentTree │ │ ├── http-errors@1.6.2
40 silly currentTree │ │ └── setprototypeof@1.0.3
40 silly currentTree │ └── statuses@1.4.0
40 silly currentTree ├─┬ extend-shallow@3.0.2
40 silly currentTree │ └── is-extendable@1.0.1
40 silly currentTree ├── extend@3.0.1
40 silly currentTree ├─┬ extglob@2.0.4
40 silly currentTree │ ├── define-property@1.0.0
40 silly currentTree │ ├── extend-shallow@2.0.1
40 silly currentTree │ ├── is-accessor-descriptor@1.0.0
40 silly currentTree │ ├── is-data-descriptor@1.0.0
40 silly currentTree │ └── is-descriptor@1.0.2
40 silly currentTree ├─┬ fill-range@4.0.0
40 silly currentTree │ └── extend-shallow@2.0.1
40 silly currentTree ├─┬ finalhandler@1.1.1
40 silly currentTree │ └── statuses@1.4.0
40 silly currentTree ├─┬ findup-sync@2.0.0
40 silly currentTree │ └── is-glob@3.1.0
40 silly currentTree ├── fined@1.1.0
40 silly currentTree ├── flagged-respawn@1.0.0
40 silly currentTree ├── for-in@1.0.2
40 silly currentTree ├── for-own@1.0.0
40 silly currentTree ├── forwarded@0.1.2
40 silly currentTree ├── fragment-cache@0.2.1
40 silly currentTree ├── fresh@0.5.2
40 silly currentTree ├── from@0.1.7
40 silly currentTree ├── get-stream@3.0.0
40 silly currentTree ├── get-value@2.0.6
40 silly currentTree ├─┬ glob-parent@3.1.0
40 silly currentTree │ └── is-glob@3.1.0
40 silly currentTree ├── global-dirs@0.1.1
40 silly currentTree ├── global-modules@1.0.0
40 silly currentTree ├── global-prefix@1.0.2
40 silly currentTree ├── got@6.7.1
40 silly currentTree ├── graceful-fs@4.1.11
40 silly currentTree ├── has-flag@3.0.0
40 silly currentTree ├── has-value@1.0.0
40 silly currentTree ├─┬ has-values@1.0.0
40 silly currentTree │ └── kind-of@4.0.0
40 silly currentTree ├── homedir-polyfill@1.0.1
40 silly currentTree ├── http-errors@1.6.3
40 silly currentTree ├── iconv-lite@0.4.23
40 silly currentTree ├── ignore-by-default@1.0.1
40 silly currentTree ├── import-lazy@2.1.0
40 silly currentTree ├── imurmurhash@0.1.4
40 silly currentTree ├── inherits@2.0.3
40 silly currentTree ├── ini@1.3.5
40 silly currentTree ├── interpret@1.1.0
40 silly currentTree ├── ipaddr.js@1.6.0
40 silly currentTree ├── is-absolute@1.0.0
40 silly currentTree ├─┬ is-accessor-descriptor@0.1.6
40 silly currentTree │ └── kind-of@3.2.2
40 silly currentTree ├── is-binary-path@1.0.1
40 silly currentTree ├── is-buffer@1.1.6
40 silly currentTree ├── is-ci@1.1.0
40 silly currentTree ├─┬ is-data-descriptor@0.1.4
40 silly currentTree │ └── kind-of@3.2.2
40 silly currentTree ├─┬ is-descriptor@0.1.6
40 silly currentTree │ └── kind-of@5.1.0
40 silly currentTree ├── is-extendable@0.1.1
40 silly currentTree ├── is-extglob@2.1.1
40 silly currentTree ├── is-fullwidth-code-point@2.0.0
40 silly currentTree ├── is-glob@4.0.0
40 silly currentTree ├── is-installed-globally@0.1.0
40 silly currentTree ├── is-npm@1.0.0
40 silly currentTree ├─┬ is-number@3.0.0
40 silly currentTree │ └── kind-of@3.2.2
40 silly currentTree ├── is-obj@1.0.1
40 silly currentTree ├─┬ is-odd@2.0.0
40 silly currentTree │ └── is-number@4.0.0
40 silly currentTree ├── is-path-inside@1.0.1
40 silly currentTree ├── is-plain-object@2.0.4
40 silly currentTree ├── is-redirect@1.0.0
40 silly currentTree ├── is-relative@1.0.0
40 silly currentTree ├── is-retry-allowed@1.1.0
40 silly currentTree ├── is-stream@1.1.0
40 silly currentTree ├── is-unc-path@1.0.0
40 silly currentTree ├── is-windows@1.0.2
40 silly currentTree ├── isarray@1.0.0
40 silly currentTree ├── isexe@2.0.0
40 silly currentTree ├── isobject@3.0.1
40 silly currentTree ├── kind-of@6.0.2
40 silly currentTree ├─┬ knex@0.14.6
40 silly currentTree │ ├── chalk@2.3.2
40 silly currentTree │ ├── debug@3.1.0
40 silly currentTree │ └── pg-connection-string@2.0.0
40 silly currentTree ├── latest-version@3.1.0
40 silly currentTree ├── liftoff@2.5.0
40 silly currentTree ├── lodash@4.17.10
40 silly currentTree ├── lowercase-keys@1.0.1
40 silly currentTree ├── lru-cache@4.1.3
40 silly currentTree ├── make-dir@1.3.0
40 silly currentTree ├── make-iterator@1.0.1
40 silly currentTree ├── map-cache@0.2.2
40 silly currentTree ├── map-stream@0.1.0
40 silly currentTree ├── map-visit@1.0.0
40 silly currentTree ├── media-typer@0.3.0
40 silly currentTree ├── merge-descriptors@1.0.1
40 silly currentTree ├── methods@1.1.2
40 silly currentTree ├── micromatch@3.1.10
40 silly currentTree ├── mime-db@1.33.0
40 silly currentTree ├── mime-types@2.1.18
40 silly currentTree ├── mime@1.4.1
40 silly currentTree ├── minimatch@3.0.4
40 silly currentTree ├── minimist@1.2.0
40 silly currentTree ├─┬ mixin-deep@1.3.1
40 silly currentTree │ └── is-extendable@1.0.1
40 silly currentTree ├─┬ mkdirp@0.5.1
40 silly currentTree │ └── minimist@0.0.8
40 silly currentTree ├── ms@2.0.0
40 silly currentTree ├── nanomatch@1.2.9
40 silly currentTree ├── negotiator@0.6.1
40 silly currentTree ├─┬ nodemon@1.17.4
40 silly currentTree │ └── debug@3.1.0
40 silly currentTree ├── nopt@1.0.10
40 silly currentTree ├── normalize-path@2.1.1
40 silly currentTree ├── npm-run-path@2.0.2
40 silly currentTree ├── object-assign@4.1.1
40 silly currentTree ├─┬ object-copy@0.1.0
40 silly currentTree │ ├── define-property@0.2.5
40 silly currentTree │ └── kind-of@3.2.2
40 silly currentTree ├── object-visit@1.0.1
40 silly currentTree ├── object.defaults@1.1.0
40 silly currentTree ├── object.map@1.0.1
40 silly currentTree ├── object.pick@1.3.0
40 silly currentTree ├── on-finished@2.3.0
40 silly currentTree ├── os-homedir@1.0.2
40 silly currentTree ├── p-finally@1.0.0
40 silly currentTree ├── package-json@4.0.1
40 silly currentTree ├── packet-reader@0.3.1
40 silly currentTree ├── parse-filepath@1.0.2
40 silly currentTree ├── parse-passwd@1.0.0
40 silly currentTree ├── parseurl@1.3.2
40 silly currentTree ├── pascalcase@0.1.1
40 silly currentTree ├── path-dirname@1.0.2
40 silly currentTree ├── path-is-absolute@1.0.1
40 silly currentTree ├── path-is-inside@1.0.2
40 silly currentTree ├── path-key@2.0.1
40 silly currentTree ├── path-parse@1.0.5
40 silly currentTree ├── path-root-regex@0.1.2
40 silly currentTree ├── path-root@0.1.1
40 silly currentTree ├── path-to-regexp@0.1.7
40 silly currentTree ├── pause-stream@0.0.11
40 silly currentTree ├── pg-connection-string@0.1.3
40 silly currentTree ├── pg-pool@2.0.3
40 silly currentTree ├── pg-types@1.12.1
40 silly currentTree ├─┬ pg@7.4.3
40 silly currentTree │ └── semver@4.3.2
40 silly currentTree ├─┬ pgpass@1.0.2
40 silly currentTree │ └── split@1.0.1
40 silly currentTree ├── pify@3.0.0
40 silly currentTree ├── posix-character-classes@0.1.1
40 silly currentTree ├── postgres-array@1.0.2
40 silly currentTree ├── postgres-bytea@1.0.0
40 silly currentTree ├── postgres-date@1.0.3
40 silly currentTree ├── postgres-interval@1.1.1
40 silly currentTree ├── prepend-http@1.0.4
40 silly currentTree ├── process-nextick-args@2.0.0
40 silly currentTree ├── proxy-addr@2.0.3
40 silly currentTree ├── ps-tree@1.1.0
40 silly currentTree ├── pseudomap@1.0.2
40 silly currentTree ├── pstree.remy@1.1.0
40 silly currentTree ├── qs@6.5.2
40 silly currentTree ├── range-parser@1.2.0
40 silly currentTree ├── raw-body@2.3.3
40 silly currentTree ├── rc@1.2.7
40 silly currentTree ├── readable-stream@2.3.6
40 silly currentTree ├── readdirp@2.1.0
40 silly currentTree ├── rechoir@0.6.2
40 silly currentTree ├── regenerator-runtime@0.11.1
40 silly currentTree ├── regex-not@1.0.2
40 silly currentTree ├── registry-auth-token@3.3.2
40 silly currentTree ├── registry-url@3.1.0
40 silly currentTree ├── remove-trailing-separator@1.1.0
40 silly currentTree ├── repeat-element@1.1.2
40 silly currentTree ├── repeat-string@1.6.1
40 silly currentTree ├── resolve-dir@1.0.1
40 silly currentTree ├── resolve-url@0.2.1
40 silly currentTree ├── resolve@1.7.1
40 silly currentTree ├── ret@0.1.15
40 silly currentTree ├── safe-buffer@5.1.1
40 silly currentTree ├── safe-regex@1.1.0
40 silly currentTree ├── safer-buffer@2.1.2
40 silly currentTree ├── semver-diff@2.1.0
40 silly currentTree ├── semver@5.5.0
40 silly currentTree ├─┬ send@0.16.2
40 silly currentTree │ └── statuses@1.4.0
40 silly currentTree ├── serve-static@1.13.2
40 silly currentTree ├── set-immediate-shim@1.0.1
40 silly currentTree ├─┬ set-value@2.0.0
40 silly currentTree │ └── extend-shallow@2.0.1
40 silly currentTree ├── setprototypeof@1.1.0
40 silly currentTree ├── shebang-command@1.2.0
40 silly currentTree ├── shebang-regex@1.0.0
40 silly currentTree ├── signal-exit@3.0.2
40 silly currentTree ├─┬ snapdragon-node@2.1.1
40 silly currentTree │ ├── define-property@1.0.0
40 silly currentTree │ ├── is-accessor-descriptor@1.0.0
40 silly currentTree │ ├── is-data-descriptor@1.0.0
40 silly currentTree │ └── is-descriptor@1.0.2
40 silly currentTree ├─┬ snapdragon-util@3.0.1
40 silly currentTree │ └── kind-of@3.2.2
40 silly currentTree ├─┬ snapdragon@0.8.2
40 silly currentTree │ ├── define-property@0.2.5
40 silly currentTree │ └── extend-shallow@2.0.1
40 silly currentTree ├── source-map-resolve@0.5.2
40 silly currentTree ├── source-map-url@0.4.0
40 silly currentTree ├── source-map@0.5.7
40 silly currentTree ├── split-string@3.1.0
40 silly currentTree ├── split@0.3.3
40 silly currentTree ├─┬ static-extend@0.1.2
40 silly currentTree │ └── define-property@0.2.5
40 silly currentTree ├── statuses@1.5.0
40 silly currentTree ├── stream-combiner@0.0.4
40 silly currentTree ├── string_decoder@1.1.1
40 silly currentTree ├── string-width@2.1.1
40 silly currentTree ├── strip-ansi@4.0.0
40 silly currentTree ├── strip-eof@1.0.0
40 silly currentTree ├── strip-json-comments@2.0.1
40 silly currentTree ├── supports-color@5.4.0
40 silly currentTree ├── tarn@1.1.4
40 silly currentTree ├── term-size@1.2.0
40 silly currentTree ├── through@2.3.8
40 silly currentTree ├── tildify@1.2.0
40 silly currentTree ├── timed-out@4.0.1
40 silly currentTree ├─┬ to-object-path@0.3.0
40 silly currentTree │ └── kind-of@3.2.2
40 silly currentTree ├── to-regex-range@2.1.1
40 silly currentTree ├── to-regex@3.0.2
40 silly currentTree ├── touch@3.1.0
40 silly currentTree ├── type-is@1.6.16
40 silly currentTree ├── unc-path-regex@0.1.2
40 silly currentTree ├── undefsafe@2.0.2
40 silly currentTree ├─┬ union-value@1.0.0
40 silly currentTree │ ├── extend-shallow@2.0.1
40 silly currentTree │ └── set-value@0.4.3
40 silly currentTree ├── unique-string@1.0.0
40 silly currentTree ├── unpipe@1.0.0
40 silly currentTree ├─┬ unset-value@1.0.0
40 silly currentTree │ ├─┬ has-value@0.3.1
40 silly currentTree │ │ └── isobject@2.1.0
40 silly currentTree │ └── has-values@0.1.4
40 silly currentTree ├── unzip-response@2.0.1
40 silly currentTree ├── upath@1.1.0
40 silly currentTree ├── update-notifier@2.5.0
40 silly currentTree ├── urix@0.1.0
40 silly currentTree ├── url-parse-lax@1.0.0
40 silly currentTree ├── use@3.1.0
40 silly currentTree ├── util-deprecate@1.0.2
40 silly currentTree ├── utils-merge@1.0.1
40 silly currentTree ├── uuid@3.2.1
40 silly currentTree ├── v8flags@3.1.0
40 silly currentTree ├── vary@1.1.2
40 silly currentTree ├── which@1.3.0
40 silly currentTree ├── widest-line@2.0.0
40 silly currentTree ├── write-file-atomic@2.3.0
40 silly currentTree ├── xdg-basedir@3.0.0
40 silly currentTree ├── xtend@4.0.1
40 silly currentTree └── yallist@2.1.2
41 silly idealTree face_detectionreactapi@1.0.0
41 silly idealTree ├── abbrev@1.1.1
41 silly idealTree ├── accepts@1.3.5
41 silly idealTree ├── ansi-align@2.0.0
41 silly idealTree ├── ansi-regex@3.0.0
41 silly idealTree ├── ansi-styles@3.2.1
41 silly idealTree ├── anymatch@2.0.0
41 silly idealTree ├── arr-diff@4.0.0
41 silly idealTree ├── arr-flatten@1.1.0
41 silly idealTree ├── arr-union@3.1.0
41 silly idealTree ├── array-each@1.0.1
41 silly idealTree ├── array-flatten@1.1.1
41 silly idealTree ├── array-slice@1.1.0
41 silly idealTree ├── array-unique@0.3.2
41 silly idealTree ├── assign-symbols@1.0.0
41 silly idealTree ├── async-each@1.0.1
41 silly idealTree ├── atob@2.1.1
41 silly idealTree ├── babel-runtime@6.26.0
41 silly idealTree ├── balanced-match@1.0.0
41 silly idealTree ├─┬ base@0.11.2
41 silly idealTree │ ├── define-property@1.0.0
41 silly idealTree │ ├── is-accessor-descriptor@1.0.0
41 silly idealTree │ ├── is-data-descriptor@1.0.0
41 silly idealTree │ └── is-descriptor@1.0.2
41 silly idealTree ├── bcrypt-nodejs@0.0.3
41 silly idealTree ├── binary-extensions@1.11.0
41 silly idealTree ├── bluebird@3.5.1
41 silly idealTree ├── body-parser@1.18.3
41 silly idealTree ├── boxen@1.3.0
41 silly idealTree ├── brace-expansion@1.1.11
41 silly idealTree ├─┬ braces@2.3.2
41 silly idealTree │ └── extend-shallow@2.0.1
41 silly idealTree ├── buffer-writer@1.0.1
41 silly idealTree ├── bytes@3.0.0
41 silly idealTree ├── cache-base@1.0.1
41 silly idealTree ├── camelcase@4.1.0
41 silly idealTree ├── capture-stack-trace@1.0.0
41 silly idealTree ├── chalk@2.4.1
41 silly idealTree ├── chokidar@2.0.3
41 silly idealTree ├── ci-info@1.1.3
41 silly idealTree ├─┬ class-utils@0.3.6
41 silly idealTree │ └── define-property@0.2.5
41 silly idealTree ├── cli-boxes@1.0.0
41 silly idealTree ├── collection-visit@1.0.0
41 silly idealTree ├── color-convert@1.9.1
41 silly idealTree ├── color-name@1.1.3
41 silly idealTree ├── commander@2.15.1
41 silly idealTree ├── component-emitter@1.2.1
41 silly idealTree ├── concat-map@0.0.1
41 silly idealTree ├── configstore@3.1.2
41 silly idealTree ├── content-disposition@0.5.2
41 silly idealTree ├── content-type@1.0.4
41 silly idealTree ├── cookie-signature@1.0.6
41 silly idealTree ├── cookie@0.3.1
41 silly idealTree ├── copy-descriptor@0.1.1
41 silly idealTree ├── core-js@2.5.6
41 silly idealTree ├── core-util-is@1.0.2
41 silly idealTree ├── cors@2.8.4
41 silly idealTree ├── create-error-class@3.0.2
41 silly idealTree ├── cross-spawn@5.1.0
41 silly idealTree ├── crypto-random-string@1.0.0
41 silly idealTree ├── debug@2.6.9
41 silly idealTree ├── decode-uri-component@0.2.0
41 silly idealTree ├── deep-extend@0.5.1
41 silly idealTree ├─┬ define-property@2.0.2
41 silly idealTree │ ├── is-accessor-descriptor@1.0.0
41 silly idealTree │ ├── is-data-descriptor@1.0.0
41 silly idealTree │ └── is-descriptor@1.0.2
41 silly idealTree ├── depd@1.1.2
41 silly idealTree ├── destroy@1.0.4
41 silly idealTree ├── detect-file@1.0.0
41 silly idealTree ├── dot-prop@4.2.0
41 silly idealTree ├── duplexer@0.1.1
41 silly idealTree ├── duplexer3@0.1.4
41 silly idealTree ├── ee-first@1.1.1
41 silly idealTree ├── encodeurl@1.0.2
41 silly idealTree ├── escape-html@1.0.3
41 silly idealTree ├── escape-string-regexp@1.0.5
41 silly idealTree ├── etag@1.8.1
41 silly idealTree ├── event-stream@3.3.4
41 silly idealTree ├── execa@0.7.0
41 silly idealTree ├─┬ expand-brackets@2.1.4
41 silly idealTree │ ├── define-property@0.2.5
41 silly idealTree │ └── extend-shallow@2.0.1
41 silly idealTree ├── expand-tilde@2.0.2
41 silly idealTree ├─┬ express@4.16.3
41 silly idealTree │ ├── body-parser@1.18.2
41 silly idealTree │ ├── iconv-lite@0.4.19
41 silly idealTree │ ├── qs@6.5.1
41 silly idealTree │ ├─┬ raw-body@2.3.2
41 silly idealTree │ │ ├── depd@1.1.1
41 silly idealTree │ │ ├── http-errors@1.6.2
41 silly idealTree │ │ └── setprototypeof@1.0.3
41 silly idealTree │ └── statuses@1.4.0
41 silly idealTree ├─┬ extend-shallow@3.0.2
41 silly idealTree │ └── is-extendable@1.0.1
41 silly idealTree ├── extend@3.0.1
41 silly idealTree ├─┬ extglob@2.0.4
41 silly idealTree │ ├── define-property@1.0.0
41 silly idealTree │ ├── extend-shallow@2.0.1
41 silly idealTree │ ├── is-accessor-descriptor@1.0.0
41 silly idealTree │ ├── is-data-descriptor@1.0.0
41 silly idealTree │ └── is-descriptor@1.0.2
41 silly idealTree ├─┬ fill-range@4.0.0
41 silly idealTree │ └── extend-shallow@2.0.1
41 silly idealTree ├─┬ finalhandler@1.1.1
41 silly idealTree │ └── statuses@1.4.0
41 silly idealTree ├─┬ findup-sync@2.0.0
41 silly idealTree │ └── is-glob@3.1.0
41 silly idealTree ├── fined@1.1.0
41 silly idealTree ├── flagged-respawn@1.0.0
41 silly idealTree ├── for-in@1.0.2
41 silly idealTree ├── for-own@1.0.0
41 silly idealTree ├── forwarded@0.1.2
41 silly idealTree ├── fragment-cache@0.2.1
41 silly idealTree ├── fresh@0.5.2
41 silly idealTree ├── from@0.1.7
41 silly idealTree ├── get-stream@3.0.0
41 silly idealTree ├── get-value@2.0.6
41 silly idealTree ├─┬ glob-parent@3.1.0
41 silly idealTree │ └── is-glob@3.1.0
41 silly idealTree ├── global-dirs@0.1.1
41 silly idealTree ├── global-modules@1.0.0
41 silly idealTree ├── global-prefix@1.0.2
41 silly idealTree ├── got@6.7.1
41 silly idealTree ├── graceful-fs@4.1.11
41 silly idealTree ├── has-flag@3.0.0
41 silly idealTree ├── has-value@1.0.0
41 silly idealTree ├─┬ has-values@1.0.0
41 silly idealTree │ └── kind-of@4.0.0
41 silly idealTree ├── homedir-polyfill@1.0.1
41 silly idealTree ├── http-errors@1.6.3
41 silly idealTree ├── iconv-lite@0.4.23
41 silly idealTree ├── ignore-by-default@1.0.1
41 silly idealTree ├── import-lazy@2.1.0
41 silly idealTree ├── imurmurhash@0.1.4
41 silly idealTree ├── inherits@2.0.3
41 silly idealTree ├── ini@1.3.5
41 silly idealTree ├── interpret@1.1.0
41 silly idealTree ├── ipaddr.js@1.6.0
41 silly idealTree ├── is-absolute@1.0.0
41 silly idealTree ├─┬ is-accessor-descriptor@0.1.6
41 silly idealTree │ └── kind-of@3.2.2
41 silly idealTree ├── is-binary-path@1.0.1
41 silly idealTree ├── is-buffer@1.1.6
41 silly idealTree ├── is-ci@1.1.0
41 silly idealTree ├─┬ is-data-descriptor@0.1.4
41 silly idealTree │ └── kind-of@3.2.2
41 silly idealTree ├─┬ is-descriptor@0.1.6
41 silly idealTree │ └── kind-of@5.1.0
41 silly idealTree ├── is-extendable@0.1.1
41 silly idealTree ├── is-extglob@2.1.1
41 silly idealTree ├── is-fullwidth-code-point@2.0.0
41 silly idealTree ├── is-glob@4.0.0
41 silly idealTree ├── is-installed-globally@0.1.0
41 silly idealTree ├── is-npm@1.0.0
41 silly idealTree ├─┬ is-number@3.0.0
41 silly idealTree │ └── kind-of@3.2.2
41 silly idealTree ├── is-obj@1.0.1
41 silly idealTree ├─┬ is-odd@2.0.0
41 silly idealTree │ └── is-number@4.0.0
41 silly idealTree ├── is-path-inside@1.0.1
41 silly idealTree ├── is-plain-object@2.0.4
41 silly idealTree ├── is-redirect@1.0.0
41 silly idealTree ├── is-relative@1.0.0
41 silly idealTree ├── is-retry-allowed@1.1.0
41 silly idealTree ├── is-stream@1.1.0
41 silly idealTree ├── is-unc-path@1.0.0
41 silly idealTree ├── is-windows@1.0.2
41 silly idealTree ├── isarray@1.0.0
41 silly idealTree ├── isexe@2.0.0
41 silly idealTree ├── isobject@3.0.1
41 silly idealTree ├── kind-of@6.0.2
41 silly idealTree ├─┬ knex@0.14.6
41 silly idealTree │ ├── chalk@2.3.2
41 silly idealTree │ ├── debug@3.1.0
41 silly idealTree │ └── pg-connection-string@2.0.0
41 silly idealTree ├── latest-version@3.1.0
41 silly idealTree ├── liftoff@2.5.0
41 silly idealTree ├── lodash@4.17.10
41 silly idealTree ├── lowercase-keys@1.0.1
41 silly idealTree ├── lru-cache@4.1.3
41 silly idealTree ├── make-dir@1.3.0
41 silly idealTree ├── make-iterator@1.0.1
41 silly idealTree ├── map-cache@0.2.2
41 silly idealTree ├── map-stream@0.1.0
41 silly idealTree ├── map-visit@1.0.0
41 silly idealTree ├── media-typer@0.3.0
41 silly idealTree ├── merge-descriptors@1.0.1
41 silly idealTree ├── methods@1.1.2
41 silly idealTree ├── micromatch@3.1.10
41 silly idealTree ├── mime-db@1.33.0
41 silly idealTree ├── mime-types@2.1.18
41 silly idealTree ├── mime@1.4.1
41 silly idealTree ├── minimatch@3.0.4
41 silly idealTree ├── minimist@1.2.0
41 silly idealTree ├─┬ mixin-deep@1.3.1
41 silly idealTree │ └── is-extendable@1.0.1
41 silly idealTree ├─┬ mkdirp@0.5.1
41 silly idealTree │ └── minimist@0.0.8
41 silly idealTree ├── ms@2.0.0
41 silly idealTree ├── nanomatch@1.2.9
41 silly idealTree ├── negotiator@0.6.1
41 silly idealTree ├─┬ nodemon@1.17.4
41 silly idealTree │ └── debug@3.1.0
41 silly idealTree ├── nopt@1.0.10
41 silly idealTree ├── normalize-path@2.1.1
41 silly idealTree ├── npm-run-path@2.0.2
41 silly idealTree ├── object-assign@4.1.1
41 silly idealTree ├─┬ object-copy@0.1.0
41 silly idealTree │ ├── define-property@0.2.5
41 silly idealTree │ └── kind-of@3.2.2
41 silly idealTree ├── object-visit@1.0.1
41 silly idealTree ├── object.defaults@1.1.0
41 silly idealTree ├── object.map@1.0.1
41 silly idealTree ├── object.pick@1.3.0
41 silly idealTree ├── on-finished@2.3.0
41 silly idealTree ├── os-homedir@1.0.2
41 silly idealTree ├── p-finally@1.0.0
41 silly idealTree ├── package-json@4.0.1
41 silly idealTree ├── packet-reader@0.3.1
41 silly idealTree ├── parse-filepath@1.0.2
41 silly idealTree ├── parse-passwd@1.0.0
41 silly idealTree ├── parseurl@1.3.2
41 silly idealTree ├── pascalcase@0.1.1
41 silly idealTree ├── path-dirname@1.0.2
41 silly idealTree ├── path-is-absolute@1.0.1
41 silly idealTree ├── path-is-inside@1.0.2
41 silly idealTree ├── path-key@2.0.1
41 silly idealTree ├── path-parse@1.0.5
41 silly idealTree ├── path-root-regex@0.1.2
41 silly idealTree ├── path-root@0.1.1
41 silly idealTree ├── path-to-regexp@0.1.7
41 silly idealTree ├── pause-stream@0.0.11
41 silly idealTree ├── pg-connection-string@0.1.3
41 silly idealTree ├── pg-pool@2.0.3
41 silly idealTree ├── pg-types@1.12.1
41 silly idealTree ├─┬ pg@7.4.3
41 silly idealTree │ └── semver@4.3.2
41 silly idealTree ├─┬ pgpass@1.0.2
41 silly idealTree │ └── split@1.0.1
41 silly idealTree ├── pify@3.0.0
41 silly idealTree ├── posix-character-classes@0.1.1
41 silly idealTree ├── postgres-array@1.0.2
41 silly idealTree ├── postgres-bytea@1.0.0
41 silly idealTree ├── postgres-date@1.0.3
41 silly idealTree ├── postgres-interval@1.1.1
41 silly idealTree ├── prepend-http@1.0.4
41 silly idealTree ├── process-nextick-args@2.0.0
41 silly idealTree ├── proxy-addr@2.0.3
41 silly idealTree ├── ps-tree@1.1.0
41 silly idealTree ├── pseudomap@1.0.2
41 silly idealTree ├── pstree.remy@1.1.0
41 silly idealTree ├── qs@6.5.2
41 silly idealTree ├── range-parser@1.2.0
41 silly idealTree ├── raw-body@2.3.3
41 silly idealTree ├── rc@1.2.7
41 silly idealTree ├── readable-stream@2.3.6
41 silly idealTree ├── readdirp@2.1.0
41 silly idealTree ├── rechoir@0.6.2
41 silly idealTree ├── regenerator-runtime@0.11.1
41 silly idealTree ├── regex-not@1.0.2
41 silly idealTree ├── registry-auth-token@3.3.2
41 silly idealTree ├── registry-url@3.1.0
41 silly idealTree ├── remove-trailing-separator@1.1.0
41 silly idealTree ├── repeat-element@1.1.2
41 silly idealTree ├── repeat-string@1.6.1
41 silly idealTree ├── resolve-dir@1.0.1
41 silly idealTree ├── resolve-url@0.2.1
41 silly idealTree ├── resolve@1.7.1
41 silly idealTree ├── ret@0.1.15
41 silly idealTree ├── safe-buffer@5.1.1
41 silly idealTree ├── safe-regex@1.1.0
41 silly idealTree ├── safer-buffer@2.1.2
41 silly idealTree ├── semver-diff@2.1.0
41 silly idealTree ├── semver@5.5.0
41 silly idealTree ├─┬ send@0.16.2
41 silly idealTree │ └── statuses@1.4.0
41 silly idealTree ├── serve-static@1.13.2
41 silly idealTree ├── set-immediate-shim@1.0.1
41 silly idealTree ├─┬ set-value@2.0.0
41 silly idealTree │ └── extend-shallow@2.0.1
41 silly idealTree ├── setprototypeof@1.1.0
41 silly idealTree ├── shebang-command@1.2.0
41 silly idealTree ├── shebang-regex@1.0.0
41 silly idealTree ├── signal-exit@3.0.2
41 silly idealTree ├─┬ snapdragon-node@2.1.1
41 silly idealTree │ ├── define-property@1.0.0
41 silly idealTree │ ├── is-accessor-descriptor@1.0.0
41 silly idealTree │ ├── is-data-descriptor@1.0.0
41 silly idealTree │ └── is-descriptor@1.0.2
41 silly idealTree ├─┬ snapdragon-util@3.0.1
41 silly idealTree │ └── kind-of@3.2.2
41 silly idealTree ├─┬ snapdragon@0.8.2
41 silly idealTree │ ├── define-property@0.2.5
41 silly idealTree │ └── extend-shallow@2.0.1
41 silly idealTree ├── source-map-resolve@0.5.2
41 silly idealTree ├── source-map-url@0.4.0
41 silly idealTree ├── source-map@0.5.7
41 silly idealTree ├── split-string@3.1.0
41 silly idealTree ├── split@0.3.3
41 silly idealTree ├─┬ static-extend@0.1.2
41 silly idealTree │ └── define-property@0.2.5
41 silly idealTree ├── statuses@1.5.0
41 silly idealTree ├── stream-combiner@0.0.4
41 silly idealTree ├── string_decoder@1.1.1
41 silly idealTree ├── string-width@2.1.1
41 silly idealTree ├── strip-ansi@4.0.0
41 silly idealTree ├── strip-eof@1.0.0
41 silly idealTree ├── strip-json-comments@2.0.1
41 silly idealTree ├── supports-color@5.4.0
41 silly idealTree ├── tarn@1.1.4
41 silly idealTree ├── term-size@1.2.0
41 silly idealTree ├── through@2.3.8
41 silly idealTree ├── tildify@1.2.0
41 silly idealTree ├── timed-out@4.0.1
41 silly idealTree ├─┬ to-object-path@0.3.0
41 silly idealTree │ └── kind-of@3.2.2
41 silly idealTree ├── to-regex-range@2.1.1
41 silly idealTree ├── to-regex@3.0.2
41 silly idealTree ├── touch@3.1.0
41 silly idealTree ├── type-is@1.6.16
41 silly idealTree ├── unc-path-regex@0.1.2
41 silly idealTree ├── undefsafe@2.0.2
41 silly idealTree ├─┬ union-value@1.0.0
41 silly idealTree │ ├── extend-shallow@2.0.1
41 silly idealTree │ └── set-value@0.4.3
41 silly idealTree ├── unique-string@1.0.0
41 silly idealTree ├── unpipe@1.0.0
41 silly idealTree ├─┬ unset-value@1.0.0
41 silly idealTree │ ├─┬ has-value@0.3.1
41 silly idealTree │ │ └── isobject@2.1.0
41 silly idealTree │ └── has-values@0.1.4
41 silly idealTree ├── unzip-response@2.0.1
41 silly idealTree ├── upath@1.1.0
41 silly idealTree ├── update-notifier@2.5.0
41 silly idealTree ├── urix@0.1.0
41 silly idealTree ├── url-parse-lax@1.0.0
41 silly idealTree ├── use@3.1.0
41 silly idealTree ├── util-deprecate@1.0.2
41 silly idealTree ├── utils-merge@1.0.1
41 silly idealTree ├── uuid@3.2.1
41 silly idealTree ├── v8flags@3.1.0
41 silly idealTree ├── vary@1.1.2
41 silly idealTree ├── which@1.3.0
41 silly idealTree ├── widest-line@2.0.0
41 silly idealTree ├── write-file-atomic@2.3.0
41 silly idealTree ├── xdg-basedir@3.0.0
41 silly idealTree ├── xtend@4.0.1
41 silly idealTree └── yallist@2.1.2
42 silly generateActionsToTake Starting
43 silly install generateActionsToTake
44 warn checkPermissions Missing write access to /home/kdeubuntudev/Documents/face_detectionReactAPI/node_modules/knex
45 warn checkPermissions Missing write access to /home/kdeubuntudev/Documents/face_detectionReactAPI/node_modules/pg
46 silly rollbackFailedOptional Starting
47 silly rollbackFailedOptional Finishing
48 silly runTopLevelLifecycles Starting
49 silly runTopLevelLifecycles Finishing
50 silly install printInstalled
51 warn optional Skipping failed optional dependency /chokidar/fsevents:
52 warn notsup Not compatible with your operating system or architecture: fsevents@1.2.4
53 warn face_detectionreactapi@1.0.0 No description
54 warn face_detectionreactapi@1.0.0 No repository field.
55 verbose stack Error: EACCES: permission denied, access '/home/kdeubuntudev/Documents/face_detectionReactAPI/node_modules/knex'
56 verbose cwd /home/kdeubuntudev/Documents/face_detectionReactAPI
57 error Linux 4.15.0-1009-azure
58 error argv "/usr/bin/node" "/usr/bin/npm" "install"
59 error node v8.10.0
60 error npm  v3.5.2
61 error path /home/kdeubuntudev/Documents/face_detectionReactAPI/node_modules/knex
62 error code EACCES
63 error errno -13
64 error syscall access
65 error Error: EACCES: permission denied, access '/home/kdeubuntudev/Documents/face_detectionReactAPI/node_modules/knex'
65 error  { Error: EACCES: permission denied, access '/home/kdeubuntudev/Documents/face_detectionReactAPI/node_modules/knex'
65 error   errno: -13,
65 error   code: 'EACCES',
65 error   syscall: 'access',
65 error   path: '/home/kdeubuntudev/Documents/face_detectionReactAPI/node_modules/knex' }
66 error Please try running this command again as root/Administrator.
67 verbose exit [ -13, true ]
